/*C5*/SET SCHEMA PUBLIC
CREATE TABLE MOBILE( ID INTEGER IDENTITY PRIMARY KEY , MOBILENAME varchar(30) NOT NULL, PRICE INTEGER NOT NULL, DESCRIPTION varchar(30) NOT NULL)
/*C4*/SET SCHEMA PUBLIC
DISCONNECT
/*C6*/SET SCHEMA PUBLIC
DISCONNECT
/*C7*/SET SCHEMA PUBLIC
DISCONNECT
/*C12*/SET SCHEMA PUBLIC
DISCONNECT
/*C11*/SET SCHEMA PUBLIC
DISCONNECT
/*C10*/SET SCHEMA PUBLIC
DISCONNECT
/*C9*/SET SCHEMA PUBLIC
DISCONNECT
/*C8*/SET SCHEMA PUBLIC
DISCONNECT
/*C14*/SET SCHEMA PUBLIC
DISCONNECT
/*C13*/SET SCHEMA PUBLIC
DISCONNECT
/*C15*/SET SCHEMA PUBLIC
DISCONNECT
/*C5*/DISCONNECT
/*C16*/SET SCHEMA PUBLIC
INSERT INTO MOBILE VALUES(1,'Samsung a51',1231,'Galaxy Series')
COMMIT
/*C17*/SET SCHEMA PUBLIC
INSERT INTO MOBILE VALUES(2,'OnePlus 6T',1231,'6th gen series')
COMMIT
DISCONNECT
/*C16*/DISCONNECT
/*C18*/SET SCHEMA PUBLIC
DELETE FROM MOBILE WHERE ID=2
INSERT INTO MOBILE VALUES(2,'Oneplus',234,'good')
COMMIT
DISCONNECT
/*C20*/SET SCHEMA PUBLIC
DISCONNECT
/*C19*/SET SCHEMA PUBLIC
DISCONNECT
/*C22*/SET SCHEMA PUBLIC
INSERT INTO MOBILE VALUES(3,'Oneplus 7',900,'7th gen series')
COMMIT
/*C21*/SET SCHEMA PUBLIC
DISCONNECT
/*C22*/DISCONNECT
/*C23*/SET SCHEMA PUBLIC
INSERT INTO MOBILE VALUES(4,'samsung a71',500,'galaxy series')
COMMIT
DISCONNECT
/*C25*/SET SCHEMA PUBLIC
DELETE FROM MOBILE WHERE ID=4
INSERT INTO MOBILE VALUES(4,'oneplus th',568,'glaxy ')
COMMIT
/*C30*/SET SCHEMA PUBLIC
INSERT INTO MOBILE VALUES(5,'iphone 10',1000,'iphone series')
COMMIT
DISCONNECT
/*C29*/SET SCHEMA PUBLIC
DISCONNECT
/*C27*/SET SCHEMA PUBLIC
DISCONNECT
/*C28*/SET SCHEMA PUBLIC
DISCONNECT
/*C26*/SET SCHEMA PUBLIC
DISCONNECT
/*C25*/DISCONNECT
/*C24*/SET SCHEMA PUBLIC
DISCONNECT
/*C32*/SET SCHEMA PUBLIC
DELETE FROM MOBILE WHERE ID=5
COMMIT
/*C31*/SET SCHEMA PUBLIC
DISCONNECT
/*C32*/DISCONNECT
/*C33*/SET SCHEMA PUBLIC
DISCONNECT
/*C34*/SET SCHEMA PUBLIC
DISCONNECT
/*C35*/SET SCHEMA PUBLIC
INSERT INTO MOBILE VALUES(5,'iphone6',600,'6th gen series')
COMMIT
DISCONNECT
/*C36*/SET SCHEMA PUBLIC
DISCONNECT
/*C37*/SET SCHEMA PUBLIC
DELETE FROM MOBILE WHERE ID=5
INSERT INTO MOBILE VALUES(5,'oneplusew',3223,'eqe')
COMMIT
DISCONNECT
/*C39*/SET SCHEMA PUBLIC
DELETE FROM MOBILE WHERE ID=5
COMMIT
DISCONNECT
/*C38*/SET SCHEMA PUBLIC
DISCONNECT
/*C40*/SET SCHEMA PUBLIC
DISCONNECT
